TN:
SF:/Users/adro/workspace/inlabs/generic-server-app/src/index.js
FN:23,_interopRequireDefault
FN:41,(anonymous_2)
FN:43,(anonymous_3)
FN:45,(anonymous_4)
FN:49,(anonymous_5)
FNF:5
FNH:5
FNDA:4,_interopRequireDefault
FNDA:1,(anonymous_2)
FNDA:0,(anonymous_3)
FNDA:0,(anonymous_4)
FNDA:1,(anonymous_5)
DA:0,4
DA:3,1
DA:4,1
DA:6,1
DA:7,1
DA:10,1
DA:14,1
DA:18,1
DA:29,1
DA:31,1
DA:34,1
DA:37,1
DA:41,1
DA:42,1
LF:14
LH:14
BRDA:23,1,0,0
BRDA:23,1,1,4
BRDA:23,2,0,4
BRDA:23,2,1,4
BRF:4
BRH:4
end_of_record
TN:
SF:/Users/adro/workspace/inlabs/generic-server-app/src/api/routes.js
FN:23,_interopRequireDefault
FNF:1
FNH:1
FNDA:4,_interopRequireDefault
DA:0,4
DA:1,1
DA:2,1
DA:4,1
DA:5,1
DA:8,1
DA:13,1
DA:14,1
DA:19,1
DA:20,1
DA:21,1
DA:23,1
LF:12
LH:12
BRDA:23,1,0,0
BRDA:23,1,1,4
BRDA:23,2,0,4
BRDA:23,2,1,4
BRF:4
BRH:4
end_of_record
TN:
SF:/Users/adro/workspace/inlabs/generic-server-app/src/config/express.js
FN:63,_interopRequireDefault
FN:110,(anonymous_2)
FN:112,(anonymous_3)
FN:128,(anonymous_4)
FN:136,(anonymous_5)
FNF:5
FNH:5
FNDA:14,_interopRequireDefault
FNDA:4,(anonymous_2)
FNDA:2,(anonymous_3)
FNDA:1,(anonymous_4)
FNDA:5,(anonymous_5)
DA:0,14
DA:1,1
DA:2,1
DA:3,1
DA:4,1
DA:5,1
DA:6,1
DA:7,1
DA:8,1
DA:9,1
DA:10,1
DA:12,1
DA:13,1
DA:14,1
DA:15,1
DA:18,1
DA:21,1
DA:22,1
DA:25,1
DA:28,1
DA:29,1
DA:30,1
DA:33,1
DA:36,1
DA:40,1
DA:41,1
DA:42,1
DA:44,1
DA:45,1
DA:55,1
DA:56,1
DA:63,1
DA:64,4
DA:65,2
DA:66,2
DA:68,2
DA:71,2
DA:72,2
DA:74,2
DA:77,1
DA:81,1
DA:82,1
DA:84,1
DA:89,1
DA:90,5
LF:45
LH:45
BRDA:63,1,0,0
BRDA:63,1,1,14
BRDA:63,2,0,14
BRDA:63,2,1,14
BRDA:87,3,0,0
BRDA:87,3,1,1
BRDA:102,4,0,0
BRDA:102,4,1,1
BRDA:111,5,0,2
BRDA:111,5,1,2
BRDA:118,6,0,2
BRDA:118,6,1,0
BRDA:138,7,0,2
BRDA:138,7,1,3
BRDA:139,8,0,0
BRDA:139,8,1,5
BRF:16
BRH:15
end_of_record
TN:
SF:/Users/adro/workspace/inlabs/generic-server-app/src/config/winston.js
FN:11,_interopRequireDefault
FNF:1
FNH:1
FNDA:1,_interopRequireDefault
DA:0,1
DA:1,1
DA:3,1
DA:13,1
LF:4
LH:4
BRDA:11,1,0,0
BRDA:11,1,1,1
BRDA:11,2,0,1
BRDA:11,2,1,1
BRF:4
BRH:4
end_of_record
TN:
SF:/Users/adro/workspace/inlabs/generic-server-app/src/helpers/APIError.js
FN:11,_interopRequireDefault
FN:13,_classCallCheck
FN:15,_possibleConstructorReturn
FN:17,_inherits
FN:23,(anonymous_5)
FN:34,ExtendableError
FN:57,(anonymous_7)
FN:68,APIError
FNF:8
FNH:8
FNDA:1,_interopRequireDefault
FNDA:24,_classCallCheck
FNDA:24,_possibleConstructorReturn
FNDA:2,_inherits
FNDA:1,(anonymous_5)
FNDA:12,ExtendableError
FNDA:1,(anonymous_7)
FNDA:12,APIError
DA:0,24
DA:3,1
DA:17,12
DA:20,12
DA:21,12
DA:22,12
DA:23,12
DA:26,12
DA:42,12
LF:9
LH:9
BRDA:11,1,0,0
BRDA:11,1,1,1
BRDA:11,2,0,1
BRDA:11,2,1,1
BRDA:13,3,0,0
BRDA:13,3,1,24
BRDA:15,4,0,0
BRDA:15,4,1,24
BRDA:15,5,0,24
BRDA:15,5,1,0
BRDA:15,6,0,24
BRDA:15,6,1,24
BRDA:15,6,2,0
BRDA:17,7,0,0
BRDA:17,7,1,2
BRDA:17,8,0,2
BRDA:17,8,1,0
BRDA:17,9,0,2
BRDA:17,9,1,2
BRDA:17,10,0,2
BRDA:17,10,1,0
BRDA:17,11,0,2
BRDA:17,11,1,0
BRDA:69,12,0,1
BRDA:69,12,1,11
BRDA:69,13,0,12
BRDA:69,13,1,12
BRDA:70,14,0,9
BRDA:70,14,1,3
BRDA:70,15,0,12
BRDA:70,15,1,4
BRF:31
BRH:31
end_of_record
TN:
SF:/Users/adro/workspace/inlabs/generic-server-app/src/api/auth/basic.js
FNF:0
FNH:0
LF:0
LH:0
BRF:0
BRH:0
end_of_record
TN:
SF:/Users/adro/workspace/inlabs/generic-server-app/src/api/core/core.controller.js
FNF:0
FNH:0
LF:0
LH:0
BRF:0
BRH:0
end_of_record
TN:
SF:/Users/adro/workspace/inlabs/generic-server-app/src/api/core/core.index.js
FN:11,_interopRequireDefault
FN:18,(anonymous_2)
FN:24,(anonymous_3)
FNF:3
FNH:3
FNDA:1,_interopRequireDefault
FNDA:1,(anonymous_2)
FNDA:1,(anonymous_3)
DA:0,1
DA:1,1
DA:4,1
DA:9,1
DA:11,1
DA:18,1
DA:20,1
LF:7
LH:7
BRDA:11,1,0,0
BRDA:11,1,1,1
BRDA:11,2,0,1
BRDA:11,2,1,1
BRF:4
BRH:4
end_of_record
TN:
SF:/Users/adro/workspace/inlabs/generic-server-app/src/api/core/core.model.js
FNF:0
FNH:0
LF:0
LH:0
BRF:0
BRH:0
end_of_record
TN:
SF:/Users/adro/workspace/inlabs/generic-server-app/src/api/users/users.controller.js
FN:11,_interopRequireDefault
FN:26,create
FN:33,(anonymous_3)
FN:35,(anonymous_4)
FN:53,list
FN:61,(anonymous_6)
FN:63,(anonymous_7)
FN:80,load
FN:81,(anonymous_9)
FN:84,(anonymous_10)
FN:94,get
FN:110,remove
FN:113,(anonymous_13)
FN:115,(anonymous_14)
FN:133,update
FN:140,(anonymous_16)
FN:142,(anonymous_17)
FNF:17
FNH:13
FNDA:1,_interopRequireDefault
FNDA:1,create
FNDA:1,(anonymous_3)
FNDA:0,(anonymous_4)
FNDA:1,list
FNDA:1,(anonymous_6)
FNDA:0,(anonymous_7)
FNDA:5,load
FNDA:3,(anonymous_9)
FNDA:2,(anonymous_10)
FNDA:1,get
FNDA:1,remove
FNDA:1,(anonymous_13)
FNDA:0,(anonymous_14)
FNDA:1,update
FNDA:1,(anonymous_16)
FNDA:0,(anonymous_17)
DA:0,1
DA:1,1
DA:16,1
DA:17,1
DA:23,1
DA:24,1
DA:25,0
DA:42,1
DA:45,1
DA:46,1
DA:47,0
DA:63,1
DA:64,5
DA:66,3
DA:67,3
DA:70,2
DA:80,1
DA:81,1
DA:97,1
DA:98,1
DA:100,1
DA:101,1
DA:102,0
DA:119,1
DA:120,1
DA:122,1
DA:123,1
DA:124,1
DA:126,1
DA:127,1
DA:128,0
LF:31
LH:27
BRDA:11,1,0,0
BRDA:11,1,1,1
BRDA:11,2,0,1
BRDA:11,2,1,1
BRDA:56,3,0,1
BRDA:56,3,1,0
BRDA:58,4,0,1
BRDA:58,4,1,0
BRF:8
BRH:6
end_of_record
TN:
SF:/Users/adro/workspace/inlabs/generic-server-app/src/api/users/users.index.js
FN:23,_interopRequireDefault
FNF:1
FNH:1
FNDA:4,_interopRequireDefault
DA:0,4
DA:1,1
DA:2,1
DA:4,1
DA:5,1
DA:8,1
DA:15,1
DA:24,1
DA:30,1
LF:9
LH:9
BRDA:23,1,0,0
BRDA:23,1,1,4
BRDA:23,2,0,4
BRDA:23,2,1,4
BRF:4
BRH:4
end_of_record
TN:
SF:/Users/adro/workspace/inlabs/generic-server-app/src/api/users/users.model.js
FN:23,_interopRequireDefault
FN:56,get
FN:59,(anonymous_3)
FN:65,(anonymous_4)
FN:79,list
FNF:5
FNH:5
FNDA:4,_interopRequireDefault
FNDA:7,get
FNDA:6,(anonymous_3)
FNDA:1,(anonymous_4)
FNDA:2,list
DA:0,4
DA:1,1
DA:2,1
DA:3,1
DA:5,1
DA:8,1
DA:31,1
DA:40,7
DA:42,7
DA:44,6
DA:45,4
DA:48,2
DA:50,1
DA:62,2
DA:63,2
LF:15
LH:15
BRDA:23,1,0,0
BRDA:23,1,1,4
BRDA:23,2,0,4
BRDA:23,2,1,4
BRDA:60,3,0,4
BRDA:60,3,1,2
BRDA:80,4,0,1
BRDA:80,4,1,1
BRDA:80,5,0,2
BRDA:80,5,1,1
BRDA:83,6,0,1
BRDA:83,6,1,1
BRDA:85,7,0,1
BRDA:85,7,1,1
BRF:14
BRH:14
end_of_record
TN:
SF:/Users/adro/workspace/inlabs/generic-server-app/src/api/users/users.validator.js
FN:11,_interopRequireDefault
FNF:1
FNH:1
FNDA:1,_interopRequireDefault
DA:0,1
DA:1,1
LF:2
LH:2
BRDA:11,1,0,0
BRDA:11,1,1,1
BRDA:11,2,0,1
BRDA:11,2,1,1
BRF:4
BRH:4
end_of_record
TN:
SF:/Users/adro/workspace/inlabs/generic-server-app/src/config/env/dev.js
FNF:0
FNH:0
DA:0,1
LF:1
LH:1
BRF:0
BRH:0
end_of_record
TN:
SF:/Users/adro/workspace/inlabs/generic-server-app/src/config/env/index.js
FN:15,_interopRequireDefault
FNF:1
FNH:1
FNDA:2,_interopRequireDefault
DA:0,2
DA:1,1
DA:2,1
DA:5,1
DA:6,1
DA:7,1
DA:11,1
LF:7
LH:7
BRDA:15,1,0,0
BRDA:15,1,1,2
BRDA:15,2,0,2
BRDA:15,2,1,2
BRDA:17,3,0,1
BRDA:17,3,1,0
BRF:6
BRH:5
end_of_record
TN:
SF:/Users/adro/workspace/inlabs/generic-server-app/src/config/env/prod.js
FNF:0
FNH:0
DA:0,1
LF:1
LH:1
BRF:0
BRH:0
end_of_record
TN:
SF:/Users/adro/workspace/inlabs/generic-server-app/src/config/env/test.js
FNF:0
FNH:0
DA:0,1
LF:1
LH:1
BRF:0
BRH:0
end_of_record
